<?xml version="1.0" encoding="UTF-8" standalone="yes"?>
<ns2:test-suite start="1553663415948" stop="1553663484316" version="1.5.4" xmlns:ns2="urn:model.allure.qatools.yandex.ru">
    <name>Suite : LoginTest</name>
    <title>Suite : LoginTest</title>
    <test-cases>
        <test-case start="1553663416181" stop="1553663417168" status="passed">
            <name>Launchtest</name>
            <steps/>
            <attachments/>
            <labels>
                <label name="testSuite" value="Suite"/>
                <label name="testGroup" value="LoginTest"/>
                <label name="testClass" value="WAFMTest.LoginTest"/>
                <label name="testMethod" value="Launchtest"/>
                <label name="host" value="LT062360"/>
                <label name="thread" value="11824@LT062360.main(1)"/>
            </labels>
        </test-case>
        <test-case start="1553663416181" stop="1553663417168" status="passed">
            <name>Launchtest</name>
            <steps/>
            <attachments/>
            <labels>
                <label name="testSuite" value="Suite"/>
                <label name="testGroup" value="LoginTest"/>
                <label name="testClass" value="WAFMTest.LoginTest"/>
                <label name="testMethod" value="Launchtest"/>
                <label name="host" value="LT062360"/>
                <label name="thread" value="11824@LT062360.main(1)"/>
            </labels>
        </test-case>
        <test-case start="1553663417181" stop="1553663427731" status="passed">
            <name>LoginValidation</name>
            <steps/>
            <attachments/>
            <labels>
                <label name="testSuite" value="Suite"/>
                <label name="testGroup" value="LoginTest"/>
                <label name="testClass" value="WAFMTest.LoginTest"/>
                <label name="testMethod" value="LoginValidation"/>
                <label name="host" value="LT062360"/>
                <label name="thread" value="11824@LT062360.main(1)"/>
            </labels>
        </test-case>
        <test-case start="1553663417181" stop="1553663427731" status="passed">
            <name>LoginValidation</name>
            <steps/>
            <attachments/>
            <labels>
                <label name="testSuite" value="Suite"/>
                <label name="testGroup" value="LoginTest"/>
                <label name="testClass" value="WAFMTest.LoginTest"/>
                <label name="testMethod" value="LoginValidation"/>
                <label name="host" value="LT062360"/>
                <label name="thread" value="11824@LT062360.main(1)"/>
            </labels>
        </test-case>
        <test-case start="1553663427849" stop="1553663482256" status="broken">
            <name>homePageContents</name>
            <failure>
                <message>TimeoutException: Timed out after 50 seconds waiting for visibility of element located by By.id: com.sg.R27A.waf:id/fournisseurNom
Build info: version: '2.50.1', revision: 'd7fc91b29de65b790abb01f3ac5f7ea2191c88a7', time: '2016-01-29 11:11:26'
System info: host: 'LT062360', ip: '10.87.75.204', os.name: 'Windows 10', os.arch: 'amd64', os.version: '10.0', java.version: '1.8.0_181'
Driver info: io.appium.java_client.android.AndroidDriver
Capabilities [{appPackage=com.sg.R27A.waf, statBarHeight=84, viewportRect={top=84, left=0, width=1440, height=2308}, deviceName=emulator-5554, platform=ANDROID, deviceUDID=emulator-5554, desired={appPackage=com.sg.R27A.waf, appActivity=com.sg.R27A.waf.view.activities.SplashActivity, app=C:\Users\S6670405\Desktop\New folder\WAFM\BuildForAutomation\WAFM.apk, allowTestPackages=true, platformVersion=8.1.0, automationName=UiAutomator2, platformName=Android, deviceName=emulator-5554, platform=ANDROID}, platformVersion=8.1.0, webStorageEnabled=false, automationName=UiAutomator2, takesScreenshot=true, javascriptEnabled=true, platformName=Android, deviceApiLevel=27, deviceManufacturer=Google, app=C:\Users\S6670405\Desktop\New folder\WAFM\BuildForAutomation\WAFM.apk, deviceScreenSize=1440x2560, networkConnectionEnabled=true, allowTestPackages=true, warnings={}, databaseEnabled=false, appActivity=com.sg.R27A.waf.view.activities.SplashActivity, pixelRatio=3.5, locationContextEnabled=false, deviceScreenDensity=560, deviceModel=Android SDK built for x86}]
Session ID: c2139f1b-2cfa-4a55-96ea-186968830c07</message>
                <stack-trace>org.openqa.selenium.TimeoutException: Timed out after 50 seconds waiting for visibility of element located by By.id: com.sg.R27A.waf:id/fournisseurNom
Build info: version: '2.50.1', revision: 'd7fc91b29de65b790abb01f3ac5f7ea2191c88a7', time: '2016-01-29 11:11:26'
System info: host: 'LT062360', ip: '10.87.75.204', os.name: 'Windows 10', os.arch: 'amd64', os.version: '10.0', java.version: '1.8.0_181'
Driver info: io.appium.java_client.android.AndroidDriver
Capabilities [{appPackage=com.sg.R27A.waf, statBarHeight=84, viewportRect={top=84, left=0, width=1440, height=2308}, deviceName=emulator-5554, platform=ANDROID, deviceUDID=emulator-5554, desired={appPackage=com.sg.R27A.waf, appActivity=com.sg.R27A.waf.view.activities.SplashActivity, app=C:\Users\S6670405\Desktop\New folder\WAFM\BuildForAutomation\WAFM.apk, allowTestPackages=true, platformVersion=8.1.0, automationName=UiAutomator2, platformName=Android, deviceName=emulator-5554, platform=ANDROID}, platformVersion=8.1.0, webStorageEnabled=false, automationName=UiAutomator2, takesScreenshot=true, javascriptEnabled=true, platformName=Android, deviceApiLevel=27, deviceManufacturer=Google, app=C:\Users\S6670405\Desktop\New folder\WAFM\BuildForAutomation\WAFM.apk, deviceScreenSize=1440x2560, networkConnectionEnabled=true, allowTestPackages=true, warnings={}, databaseEnabled=false, appActivity=com.sg.R27A.waf.view.activities.SplashActivity, pixelRatio=3.5, locationContextEnabled=false, deviceScreenDensity=560, deviceModel=Android SDK built for x86}]
Session ID: c2139f1b-2cfa-4a55-96ea-186968830c07
	at org.openqa.selenium.support.ui.WebDriverWait.timeoutException(WebDriverWait.java:80)
	at org.openqa.selenium.support.ui.FluentWait.until(FluentWait.java:261)
	at com.sg.Page.LoginPage.verifyHomePage(LoginPage.java:92)
	at WAFMTest.LoginTest.homePageContents(LoginTest.java:40)
	at sun.reflect.NativeMethodAccessorImpl.invoke0(Native Method)
	at sun.reflect.NativeMethodAccessorImpl.invoke(Unknown Source)
	at sun.reflect.DelegatingMethodAccessorImpl.invoke(Unknown Source)
	at java.lang.reflect.Method.invoke(Unknown Source)
	at org.testng.internal.MethodInvocationHelper.invokeMethod(MethodInvocationHelper.java:84)
	at org.testng.internal.Invoker.invokeMethod(Invoker.java:714)
	at org.testng.internal.Invoker.invokeTestMethod(Invoker.java:901)
	at org.testng.internal.Invoker.invokeTestMethods(Invoker.java:1231)
	at org.testng.internal.TestMethodWorker.invokeTestMethods(TestMethodWorker.java:127)
	at org.testng.internal.TestMethodWorker.run(TestMethodWorker.java:111)
	at org.testng.TestRunner.privateRun(TestRunner.java:767)
	at org.testng.TestRunner.run(TestRunner.java:617)
	at org.testng.SuiteRunner.runTest(SuiteRunner.java:348)
	at org.testng.SuiteRunner.runSequentially(SuiteRunner.java:343)
	at org.testng.SuiteRunner.privateRun(SuiteRunner.java:305)
	at org.testng.SuiteRunner.run(SuiteRunner.java:254)
	at org.testng.SuiteRunnerWorker.runSuite(SuiteRunnerWorker.java:52)
	at org.testng.SuiteRunnerWorker.run(SuiteRunnerWorker.java:86)
	at org.testng.TestNG.runSuitesSequentially(TestNG.java:1224)
	at org.testng.TestNG.runSuitesLocally(TestNG.java:1149)
	at org.testng.TestNG.run(TestNG.java:1057)
	at org.testng.remote.AbstractRemoteTestNG.run(AbstractRemoteTestNG.java:114)
	at org.testng.remote.RemoteTestNG.initAndRun(RemoteTestNG.java:251)
	at org.testng.remote.RemoteTestNG.main(RemoteTestNG.java:77)
Caused by: org.openqa.selenium.NoSuchElementException: An element could not be located on the page using the given search parameters. (WARNING: The server did not provide any stacktrace information)
Command duration or timeout: 5.12 seconds
For documentation on this error, please visit: http://seleniumhq.org/exceptions/no_such_element.html
Build info: version: '2.50.1', revision: 'd7fc91b29de65b790abb01f3ac5f7ea2191c88a7', time: '2016-01-29 11:11:26'
System info: host: 'LT062360', ip: '10.87.75.204', os.name: 'Windows 10', os.arch: 'amd64', os.version: '10.0', java.version: '1.8.0_181'
Driver info: io.appium.java_client.android.AndroidDriver
Capabilities [{appPackage=com.sg.R27A.waf, statBarHeight=84, viewportRect={top=84, left=0, width=1440, height=2308}, deviceName=emulator-5554, platform=ANDROID, deviceUDID=emulator-5554, desired={appPackage=com.sg.R27A.waf, appActivity=com.sg.R27A.waf.view.activities.SplashActivity, app=C:\Users\S6670405\Desktop\New folder\WAFM\BuildForAutomation\WAFM.apk, allowTestPackages=true, platformVersion=8.1.0, automationName=UiAutomator2, platformName=Android, deviceName=emulator-5554, platform=ANDROID}, platformVersion=8.1.0, webStorageEnabled=false, automationName=UiAutomator2, takesScreenshot=true, javascriptEnabled=true, platformName=Android, deviceApiLevel=27, deviceManufacturer=Google, app=C:\Users\S6670405\Desktop\New folder\WAFM\BuildForAutomation\WAFM.apk, deviceScreenSize=1440x2560, networkConnectionEnabled=true, allowTestPackages=true, warnings={}, databaseEnabled=false, appActivity=com.sg.R27A.waf.view.activities.SplashActivity, pixelRatio=3.5, locationContextEnabled=false, deviceScreenDensity=560, deviceModel=Android SDK built for x86}]
Session ID: c2139f1b-2cfa-4a55-96ea-186968830c07
*** Element info: {Using=id, value=com.sg.R27A.waf:id/fournisseurNom}
	at sun.reflect.NativeConstructorAccessorImpl.newInstance0(Native Method)
	at sun.reflect.NativeConstructorAccessorImpl.newInstance(Unknown Source)
	at sun.reflect.DelegatingConstructorAccessorImpl.newInstance(Unknown Source)
	at java.lang.reflect.Constructor.newInstance(Unknown Source)
	at org.openqa.selenium.remote.ErrorHandler.createThrowable(ErrorHandler.java:206)
	at org.openqa.selenium.remote.ErrorHandler.throwIfResponseFailed(ErrorHandler.java:158)
	at org.openqa.selenium.remote.RemoteWebDriver.execute(RemoteWebDriver.java:678)
	at io.appium.java_client.DefaultGenericMobileDriver.execute(DefaultGenericMobileDriver.java:42)
	at io.appium.java_client.AppiumDriver.execute(AppiumDriver.java:1)
	at io.appium.java_client.android.AndroidDriver.execute(AndroidDriver.java:1)
	at org.openqa.selenium.remote.RemoteWebDriver.findElement(RemoteWebDriver.java:363)
	at io.appium.java_client.DefaultGenericMobileDriver.findElement(DefaultGenericMobileDriver.java:62)
	at io.appium.java_client.AppiumDriver.findElement(AppiumDriver.java:1)
	at io.appium.java_client.android.AndroidDriver.findElement(AndroidDriver.java:1)
	at org.openqa.selenium.remote.RemoteWebDriver.findElementById(RemoteWebDriver.java:413)
	at io.appium.java_client.DefaultGenericMobileDriver.findElementById(DefaultGenericMobileDriver.java:70)
	at io.appium.java_client.AppiumDriver.findElementById(AppiumDriver.java:1)
	at io.appium.java_client.android.AndroidDriver.findElementById(AndroidDriver.java:1)
	at org.openqa.selenium.By$ById.findElement(By.java:218)
	at org.openqa.selenium.remote.RemoteWebDriver.findElement(RemoteWebDriver.java:355)
	at io.appium.java_client.DefaultGenericMobileDriver.findElement(DefaultGenericMobileDriver.java:58)
	at io.appium.java_client.AppiumDriver.findElement(AppiumDriver.java:1)
	at io.appium.java_client.android.AndroidDriver.findElement(AndroidDriver.java:1)
	at org.openqa.selenium.support.ui.ExpectedConditions.findElement(ExpectedConditions.java:911)
	at org.openqa.selenium.support.ui.ExpectedConditions.access$000(ExpectedConditions.java:41)
	at org.openqa.selenium.support.ui.ExpectedConditions$7.apply(ExpectedConditions.java:205)
	at org.openqa.selenium.support.ui.ExpectedConditions$7.apply(ExpectedConditions.java:201)
	at org.openqa.selenium.support.ui.FluentWait.until(FluentWait.java:238)
	... 26 more
</stack-trace>
            </failure>
            <steps/>
            <attachments/>
            <labels>
                <label name="testSuite" value="Suite"/>
                <label name="testGroup" value="LoginTest"/>
                <label name="testClass" value="WAFMTest.LoginTest"/>
                <label name="testMethod" value="homePageContents"/>
                <label name="host" value="LT062360"/>
                <label name="thread" value="11824@LT062360.main(1)"/>
            </labels>
        </test-case>
        <test-case start="1553663427849" stop="1553663482256" status="broken">
            <name>homePageContents</name>
            <failure>
                <message>TimeoutException: Timed out after 50 seconds waiting for visibility of element located by By.id: com.sg.R27A.waf:id/fournisseurNom
Build info: version: '2.50.1', revision: 'd7fc91b29de65b790abb01f3ac5f7ea2191c88a7', time: '2016-01-29 11:11:26'
System info: host: 'LT062360', ip: '10.87.75.204', os.name: 'Windows 10', os.arch: 'amd64', os.version: '10.0', java.version: '1.8.0_181'
Driver info: io.appium.java_client.android.AndroidDriver
Capabilities [{appPackage=com.sg.R27A.waf, statBarHeight=84, viewportRect={top=84, left=0, width=1440, height=2308}, deviceName=emulator-5554, platform=ANDROID, deviceUDID=emulator-5554, desired={appPackage=com.sg.R27A.waf, appActivity=com.sg.R27A.waf.view.activities.SplashActivity, app=C:\Users\S6670405\Desktop\New folder\WAFM\BuildForAutomation\WAFM.apk, allowTestPackages=true, platformVersion=8.1.0, automationName=UiAutomator2, platformName=Android, deviceName=emulator-5554, platform=ANDROID}, platformVersion=8.1.0, webStorageEnabled=false, automationName=UiAutomator2, takesScreenshot=true, javascriptEnabled=true, platformName=Android, deviceApiLevel=27, deviceManufacturer=Google, app=C:\Users\S6670405\Desktop\New folder\WAFM\BuildForAutomation\WAFM.apk, deviceScreenSize=1440x2560, networkConnectionEnabled=true, allowTestPackages=true, warnings={}, databaseEnabled=false, appActivity=com.sg.R27A.waf.view.activities.SplashActivity, pixelRatio=3.5, locationContextEnabled=false, deviceScreenDensity=560, deviceModel=Android SDK built for x86}]
Session ID: c2139f1b-2cfa-4a55-96ea-186968830c07</message>
                <stack-trace>org.openqa.selenium.TimeoutException: Timed out after 50 seconds waiting for visibility of element located by By.id: com.sg.R27A.waf:id/fournisseurNom
Build info: version: '2.50.1', revision: 'd7fc91b29de65b790abb01f3ac5f7ea2191c88a7', time: '2016-01-29 11:11:26'
System info: host: 'LT062360', ip: '10.87.75.204', os.name: 'Windows 10', os.arch: 'amd64', os.version: '10.0', java.version: '1.8.0_181'
Driver info: io.appium.java_client.android.AndroidDriver
Capabilities [{appPackage=com.sg.R27A.waf, statBarHeight=84, viewportRect={top=84, left=0, width=1440, height=2308}, deviceName=emulator-5554, platform=ANDROID, deviceUDID=emulator-5554, desired={appPackage=com.sg.R27A.waf, appActivity=com.sg.R27A.waf.view.activities.SplashActivity, app=C:\Users\S6670405\Desktop\New folder\WAFM\BuildForAutomation\WAFM.apk, allowTestPackages=true, platformVersion=8.1.0, automationName=UiAutomator2, platformName=Android, deviceName=emulator-5554, platform=ANDROID}, platformVersion=8.1.0, webStorageEnabled=false, automationName=UiAutomator2, takesScreenshot=true, javascriptEnabled=true, platformName=Android, deviceApiLevel=27, deviceManufacturer=Google, app=C:\Users\S6670405\Desktop\New folder\WAFM\BuildForAutomation\WAFM.apk, deviceScreenSize=1440x2560, networkConnectionEnabled=true, allowTestPackages=true, warnings={}, databaseEnabled=false, appActivity=com.sg.R27A.waf.view.activities.SplashActivity, pixelRatio=3.5, locationContextEnabled=false, deviceScreenDensity=560, deviceModel=Android SDK built for x86}]
Session ID: c2139f1b-2cfa-4a55-96ea-186968830c07
	at org.openqa.selenium.support.ui.WebDriverWait.timeoutException(WebDriverWait.java:80)
	at org.openqa.selenium.support.ui.FluentWait.until(FluentWait.java:261)
	at com.sg.Page.LoginPage.verifyHomePage(LoginPage.java:92)
	at WAFMTest.LoginTest.homePageContents(LoginTest.java:40)
	at sun.reflect.NativeMethodAccessorImpl.invoke0(Native Method)
	at sun.reflect.NativeMethodAccessorImpl.invoke(Unknown Source)
	at sun.reflect.DelegatingMethodAccessorImpl.invoke(Unknown Source)
	at java.lang.reflect.Method.invoke(Unknown Source)
	at org.testng.internal.MethodInvocationHelper.invokeMethod(MethodInvocationHelper.java:84)
	at org.testng.internal.Invoker.invokeMethod(Invoker.java:714)
	at org.testng.internal.Invoker.invokeTestMethod(Invoker.java:901)
	at org.testng.internal.Invoker.invokeTestMethods(Invoker.java:1231)
	at org.testng.internal.TestMethodWorker.invokeTestMethods(TestMethodWorker.java:127)
	at org.testng.internal.TestMethodWorker.run(TestMethodWorker.java:111)
	at org.testng.TestRunner.privateRun(TestRunner.java:767)
	at org.testng.TestRunner.run(TestRunner.java:617)
	at org.testng.SuiteRunner.runTest(SuiteRunner.java:348)
	at org.testng.SuiteRunner.runSequentially(SuiteRunner.java:343)
	at org.testng.SuiteRunner.privateRun(SuiteRunner.java:305)
	at org.testng.SuiteRunner.run(SuiteRunner.java:254)
	at org.testng.SuiteRunnerWorker.runSuite(SuiteRunnerWorker.java:52)
	at org.testng.SuiteRunnerWorker.run(SuiteRunnerWorker.java:86)
	at org.testng.TestNG.runSuitesSequentially(TestNG.java:1224)
	at org.testng.TestNG.runSuitesLocally(TestNG.java:1149)
	at org.testng.TestNG.run(TestNG.java:1057)
	at org.testng.remote.AbstractRemoteTestNG.run(AbstractRemoteTestNG.java:114)
	at org.testng.remote.RemoteTestNG.initAndRun(RemoteTestNG.java:251)
	at org.testng.remote.RemoteTestNG.main(RemoteTestNG.java:77)
Caused by: org.openqa.selenium.NoSuchElementException: An element could not be located on the page using the given search parameters. (WARNING: The server did not provide any stacktrace information)
Command duration or timeout: 5.12 seconds
For documentation on this error, please visit: http://seleniumhq.org/exceptions/no_such_element.html
Build info: version: '2.50.1', revision: 'd7fc91b29de65b790abb01f3ac5f7ea2191c88a7', time: '2016-01-29 11:11:26'
System info: host: 'LT062360', ip: '10.87.75.204', os.name: 'Windows 10', os.arch: 'amd64', os.version: '10.0', java.version: '1.8.0_181'
Driver info: io.appium.java_client.android.AndroidDriver
Capabilities [{appPackage=com.sg.R27A.waf, statBarHeight=84, viewportRect={top=84, left=0, width=1440, height=2308}, deviceName=emulator-5554, platform=ANDROID, deviceUDID=emulator-5554, desired={appPackage=com.sg.R27A.waf, appActivity=com.sg.R27A.waf.view.activities.SplashActivity, app=C:\Users\S6670405\Desktop\New folder\WAFM\BuildForAutomation\WAFM.apk, allowTestPackages=true, platformVersion=8.1.0, automationName=UiAutomator2, platformName=Android, deviceName=emulator-5554, platform=ANDROID}, platformVersion=8.1.0, webStorageEnabled=false, automationName=UiAutomator2, takesScreenshot=true, javascriptEnabled=true, platformName=Android, deviceApiLevel=27, deviceManufacturer=Google, app=C:\Users\S6670405\Desktop\New folder\WAFM\BuildForAutomation\WAFM.apk, deviceScreenSize=1440x2560, networkConnectionEnabled=true, allowTestPackages=true, warnings={}, databaseEnabled=false, appActivity=com.sg.R27A.waf.view.activities.SplashActivity, pixelRatio=3.5, locationContextEnabled=false, deviceScreenDensity=560, deviceModel=Android SDK built for x86}]
Session ID: c2139f1b-2cfa-4a55-96ea-186968830c07
*** Element info: {Using=id, value=com.sg.R27A.waf:id/fournisseurNom}
	at sun.reflect.NativeConstructorAccessorImpl.newInstance0(Native Method)
	at sun.reflect.NativeConstructorAccessorImpl.newInstance(Unknown Source)
	at sun.reflect.DelegatingConstructorAccessorImpl.newInstance(Unknown Source)
	at java.lang.reflect.Constructor.newInstance(Unknown Source)
	at org.openqa.selenium.remote.ErrorHandler.createThrowable(ErrorHandler.java:206)
	at org.openqa.selenium.remote.ErrorHandler.throwIfResponseFailed(ErrorHandler.java:158)
	at org.openqa.selenium.remote.RemoteWebDriver.execute(RemoteWebDriver.java:678)
	at io.appium.java_client.DefaultGenericMobileDriver.execute(DefaultGenericMobileDriver.java:42)
	at io.appium.java_client.AppiumDriver.execute(AppiumDriver.java:1)
	at io.appium.java_client.android.AndroidDriver.execute(AndroidDriver.java:1)
	at org.openqa.selenium.remote.RemoteWebDriver.findElement(RemoteWebDriver.java:363)
	at io.appium.java_client.DefaultGenericMobileDriver.findElement(DefaultGenericMobileDriver.java:62)
	at io.appium.java_client.AppiumDriver.findElement(AppiumDriver.java:1)
	at io.appium.java_client.android.AndroidDriver.findElement(AndroidDriver.java:1)
	at org.openqa.selenium.remote.RemoteWebDriver.findElementById(RemoteWebDriver.java:413)
	at io.appium.java_client.DefaultGenericMobileDriver.findElementById(DefaultGenericMobileDriver.java:70)
	at io.appium.java_client.AppiumDriver.findElementById(AppiumDriver.java:1)
	at io.appium.java_client.android.AndroidDriver.findElementById(AndroidDriver.java:1)
	at org.openqa.selenium.By$ById.findElement(By.java:218)
	at org.openqa.selenium.remote.RemoteWebDriver.findElement(RemoteWebDriver.java:355)
	at io.appium.java_client.DefaultGenericMobileDriver.findElement(DefaultGenericMobileDriver.java:58)
	at io.appium.java_client.AppiumDriver.findElement(AppiumDriver.java:1)
	at io.appium.java_client.android.AndroidDriver.findElement(AndroidDriver.java:1)
	at org.openqa.selenium.support.ui.ExpectedConditions.findElement(ExpectedConditions.java:911)
	at org.openqa.selenium.support.ui.ExpectedConditions.access$000(ExpectedConditions.java:41)
	at org.openqa.selenium.support.ui.ExpectedConditions$7.apply(ExpectedConditions.java:205)
	at org.openqa.selenium.support.ui.ExpectedConditions$7.apply(ExpectedConditions.java:201)
	at org.openqa.selenium.support.ui.FluentWait.until(FluentWait.java:238)
	... 26 more
</stack-trace>
            </failure>
            <steps/>
            <attachments/>
            <labels>
                <label name="testSuite" value="Suite"/>
                <label name="testGroup" value="LoginTest"/>
                <label name="testClass" value="WAFMTest.LoginTest"/>
                <label name="testMethod" value="homePageContents"/>
                <label name="host" value="LT062360"/>
                <label name="thread" value="11824@LT062360.main(1)"/>
            </labels>
        </test-case>
    </test-cases>
    <labels>
        <label name="framework" value="TestNG"/>
        <label name="language" value="JAVA"/>
    </labels>
</ns2:test-suite>
