<?xml version="1.0" encoding="UTF-8" standalone="yes"?>
<ns2:test-suite start="1552908366403" stop="1552908393334" version="1.5.4" xmlns:ns2="urn:model.allure.qatools.yandex.ru">
    <name>Suite : Test</name>
    <title>Suite : Test</title>
    <test-cases>
        <test-case start="1552908366379" stop="1552908366390" status="pending">
            <name>monProfil</name>
            <failure>
                <message>Test not implemented yet</message>
                <stack-trace>There are no stack trace</stack-trace>
            </failure>
            <steps/>
            <attachments/>
            <labels>
                <label name="host" value="LT062360"/>
                <label name="thread" value="13060@LT062360.main(1)"/>
            </labels>
        </test-case>
        <test-case start="1552908366393" stop="1552908366393" status="pending">
            <name>FavorisCollab</name>
            <failure>
                <message>Test not implemented yet</message>
                <stack-trace>There are no stack trace</stack-trace>
            </failure>
            <steps/>
            <attachments/>
            <labels>
                <label name="host" value="LT062360"/>
                <label name="thread" value="13060@LT062360.main(1)"/>
            </labels>
        </test-case>
        <test-case start="1552908366394" stop="1552908366394" status="pending">
            <name>hamburgerMenu</name>
            <failure>
                <message>Test not implemented yet</message>
                <stack-trace>There are no stack trace</stack-trace>
            </failure>
            <steps/>
            <attachments/>
            <labels>
                <label name="host" value="LT062360"/>
                <label name="thread" value="13060@LT062360.main(1)"/>
            </labels>
        </test-case>
        <test-case start="1552908366396" stop="1552908366396" status="pending">
            <name>logout</name>
            <failure>
                <message>Test not implemented yet</message>
                <stack-trace>There are no stack trace</stack-trace>
            </failure>
            <steps/>
            <attachments/>
            <labels>
                <label name="host" value="LT062360"/>
                <label name="thread" value="13060@LT062360.main(1)"/>
            </labels>
        </test-case>
        <test-case start="1552908366397" stop="1552908366397" status="pending">
            <name>FavorisPointDeVentes</name>
            <failure>
                <message>Test not implemented yet</message>
                <stack-trace>There are no stack trace</stack-trace>
            </failure>
            <steps/>
            <attachments/>
            <labels>
                <label name="host" value="LT062360"/>
                <label name="thread" value="13060@LT062360.main(1)"/>
            </labels>
        </test-case>
        <test-case start="1552908366413" stop="1552908366413" status="pending">
            <name>monProfil</name>
            <failure>
                <message>Test not implemented yet</message>
                <stack-trace>There are no stack trace</stack-trace>
            </failure>
            <steps/>
            <attachments/>
            <labels>
                <label name="host" value="LT062360"/>
                <label name="thread" value="13060@LT062360.main(1)"/>
            </labels>
        </test-case>
        <test-case start="1552908366415" stop="1552908366415" status="pending">
            <name>FavorisCollab</name>
            <failure>
                <message>Test not implemented yet</message>
                <stack-trace>There are no stack trace</stack-trace>
            </failure>
            <steps/>
            <attachments/>
            <labels>
                <label name="host" value="LT062360"/>
                <label name="thread" value="13060@LT062360.main(1)"/>
            </labels>
        </test-case>
        <test-case start="1552908366416" stop="1552908366416" status="pending">
            <name>hamburgerMenu</name>
            <failure>
                <message>Test not implemented yet</message>
                <stack-trace>There are no stack trace</stack-trace>
            </failure>
            <steps/>
            <attachments/>
            <labels>
                <label name="host" value="LT062360"/>
                <label name="thread" value="13060@LT062360.main(1)"/>
            </labels>
        </test-case>
        <test-case start="1552908366418" stop="1552908366418" status="pending">
            <name>logout</name>
            <failure>
                <message>Test not implemented yet</message>
                <stack-trace>There are no stack trace</stack-trace>
            </failure>
            <steps/>
            <attachments/>
            <labels>
                <label name="host" value="LT062360"/>
                <label name="thread" value="13060@LT062360.main(1)"/>
            </labels>
        </test-case>
        <test-case start="1552908366420" stop="1552908366420" status="pending">
            <name>FavorisPointDeVentes</name>
            <failure>
                <message>Test not implemented yet</message>
                <stack-trace>There are no stack trace</stack-trace>
            </failure>
            <steps/>
            <attachments/>
            <labels>
                <label name="host" value="LT062360"/>
                <label name="thread" value="13060@LT062360.main(1)"/>
            </labels>
        </test-case>
        <test-case start="1552908366583" stop="1552908368798" status="passed">
            <name>Launchtest</name>
            <steps/>
            <attachments/>
            <labels>
                <label name="testSuite" value="Suite"/>
                <label name="testGroup" value="Test"/>
                <label name="testClass" value="myIamTest.LoginTest"/>
                <label name="testMethod" value="Launchtest"/>
                <label name="host" value="LT062360"/>
                <label name="thread" value="13060@LT062360.main(1)"/>
            </labels>
        </test-case>
        <test-case start="1552908366583" stop="1552908368798" status="passed">
            <name>Launchtest</name>
            <steps/>
            <attachments/>
            <labels>
                <label name="testSuite" value="Suite"/>
                <label name="testGroup" value="Test"/>
                <label name="testClass" value="myIamTest.LoginTest"/>
                <label name="testMethod" value="Launchtest"/>
                <label name="host" value="LT062360"/>
                <label name="thread" value="13060@LT062360.main(1)"/>
            </labels>
        </test-case>
        <test-case start="1552908368816" stop="1552908378267" status="passed">
            <name>LoginValidation</name>
            <steps/>
            <attachments/>
            <labels>
                <label name="testSuite" value="Suite"/>
                <label name="testGroup" value="Test"/>
                <label name="testClass" value="myIamTest.LoginTest"/>
                <label name="testMethod" value="LoginValidation"/>
                <label name="host" value="LT062360"/>
                <label name="thread" value="13060@LT062360.main(1)"/>
            </labels>
        </test-case>
        <test-case start="1552908368816" stop="1552908378267" status="passed">
            <name>LoginValidation</name>
            <steps/>
            <attachments/>
            <labels>
                <label name="testSuite" value="Suite"/>
                <label name="testGroup" value="Test"/>
                <label name="testClass" value="myIamTest.LoginTest"/>
                <label name="testMethod" value="LoginValidation"/>
                <label name="host" value="LT062360"/>
                <label name="thread" value="13060@LT062360.main(1)"/>
            </labels>
        </test-case>
        <test-case start="1552908378288" stop="1552908393277" status="passed">
            <name>homePageContents</name>
            <steps/>
            <attachments/>
            <labels>
                <label name="testSuite" value="Suite"/>
                <label name="testGroup" value="Test"/>
                <label name="testClass" value="myIamTest.LoginTest"/>
                <label name="testMethod" value="homePageContents"/>
                <label name="host" value="LT062360"/>
                <label name="thread" value="13060@LT062360.main(1)"/>
            </labels>
        </test-case>
        <test-case start="1552908378288" stop="1552908393277" status="passed">
            <name>homePageContents</name>
            <steps/>
            <attachments/>
            <labels>
                <label name="testSuite" value="Suite"/>
                <label name="testGroup" value="Test"/>
                <label name="testClass" value="myIamTest.LoginTest"/>
                <label name="testMethod" value="homePageContents"/>
                <label name="host" value="LT062360"/>
                <label name="thread" value="13060@LT062360.main(1)"/>
            </labels>
        </test-case>
    </test-cases>
    <labels>
        <label name="framework" value="TestNG"/>
        <label name="language" value="JAVA"/>
    </labels>
</ns2:test-suite>
