<?xml version="1.0" encoding="UTF-8" standalone="yes"?>
<ns2:test-suite start="1553669456011" stop="1553669708445" version="1.5.4" xmlns:ns2="urn:model.allure.qatools.yandex.ru">
    <name>Suite : InvoiceTest</name>
    <title>Suite : InvoiceTest</title>
    <test-cases>
        <test-case start="1553669456032" stop="1553669513192" status="passed">
            <name>SearchInvoice</name>
            <steps/>
            <attachments/>
            <labels>
                <label name="testSuite" value="Suite"/>
                <label name="testGroup" value="InvoiceTest"/>
                <label name="testClass" value="WAFMTest.InvoiceListTest"/>
                <label name="testMethod" value="SearchInvoice"/>
                <label name="host" value="LT062360"/>
                <label name="thread" value="1908@LT062360.main(1)"/>
            </labels>
        </test-case>
        <test-case start="1553669456032" stop="1553669513192" status="passed">
            <name>SearchInvoice</name>
            <steps/>
            <attachments/>
            <labels>
                <label name="testSuite" value="Suite"/>
                <label name="testGroup" value="InvoiceTest"/>
                <label name="testClass" value="WAFMTest.InvoiceListTest"/>
                <label name="testMethod" value="SearchInvoice"/>
                <label name="host" value="LT062360"/>
                <label name="thread" value="1908@LT062360.main(1)"/>
            </labels>
        </test-case>
        <test-case start="1553669513223" stop="1553669597268" status="passed">
            <name>verifyDetailsofInvoice</name>
            <steps/>
            <attachments/>
            <labels>
                <label name="testSuite" value="Suite"/>
                <label name="testGroup" value="InvoiceTest"/>
                <label name="testClass" value="WAFMTest.InvoiceListTest"/>
                <label name="testMethod" value="verifyDetailsofInvoice"/>
                <label name="host" value="LT062360"/>
                <label name="thread" value="1908@LT062360.main(1)"/>
            </labels>
        </test-case>
        <test-case start="1553669513223" stop="1553669597268" status="passed">
            <name>verifyDetailsofInvoice</name>
            <steps/>
            <attachments/>
            <labels>
                <label name="testSuite" value="Suite"/>
                <label name="testGroup" value="InvoiceTest"/>
                <label name="testClass" value="WAFMTest.InvoiceListTest"/>
                <label name="testMethod" value="verifyDetailsofInvoice"/>
                <label name="host" value="LT062360"/>
                <label name="thread" value="1908@LT062360.main(1)"/>
            </labels>
        </test-case>
        <test-case start="1553669597304" stop="1553669663075" status="passed">
            <name>ApprovedInvoice</name>
            <steps/>
            <attachments/>
            <labels>
                <label name="testSuite" value="Suite"/>
                <label name="testGroup" value="InvoiceTest"/>
                <label name="testClass" value="WAFMTest.InvoiceListTest"/>
                <label name="testMethod" value="ApprovedInvoice"/>
                <label name="host" value="LT062360"/>
                <label name="thread" value="1908@LT062360.main(1)"/>
            </labels>
        </test-case>
        <test-case start="1553669597304" stop="1553669663075" status="passed">
            <name>ApprovedInvoice</name>
            <steps/>
            <attachments/>
            <labels>
                <label name="testSuite" value="Suite"/>
                <label name="testGroup" value="InvoiceTest"/>
                <label name="testClass" value="WAFMTest.InvoiceListTest"/>
                <label name="testMethod" value="ApprovedInvoice"/>
                <label name="host" value="LT062360"/>
                <label name="thread" value="1908@LT062360.main(1)"/>
            </labels>
        </test-case>
        <test-case start="1553669663113" stop="1553669684282" status="passed">
            <name>RejectInvoice</name>
            <steps/>
            <attachments/>
            <labels>
                <label name="testSuite" value="Suite"/>
                <label name="testGroup" value="InvoiceTest"/>
                <label name="testClass" value="WAFMTest.InvoiceListTest"/>
                <label name="testMethod" value="RejectInvoice"/>
                <label name="host" value="LT062360"/>
                <label name="thread" value="1908@LT062360.main(1)"/>
            </labels>
        </test-case>
        <test-case start="1553669663113" stop="1553669684282" status="passed">
            <name>RejectInvoice</name>
            <steps/>
            <attachments/>
            <labels>
                <label name="testSuite" value="Suite"/>
                <label name="testGroup" value="InvoiceTest"/>
                <label name="testClass" value="WAFMTest.InvoiceListTest"/>
                <label name="testMethod" value="RejectInvoice"/>
                <label name="host" value="LT062360"/>
                <label name="thread" value="1908@LT062360.main(1)"/>
            </labels>
        </test-case>
        <test-case start="1553669684315" stop="1553669692065" status="broken">
            <name>PDFDownload</name>
            <failure>
                <message>NoSuchElementException: Can't locate an element by this strategy: Locator map: 
- native content: "By.id: com.sg.R27A.waf:id/date" 
- html content: "by id or name "InvDetl_INvoiceclick""
For documentation on this error, please visit: http://seleniumhq.org/exceptions/no_such_element.html
Build info: version: '2.50.1', revision: 'd7fc91b29de65b790abb01f3ac5f7ea2191c88a7', time: '2016-01-29 11:11:26'
System info: host: 'LT062360', ip: '10.87.75.204', os.name: 'Windows 10', os.arch: 'amd64', os.version: '10.0', java.version: '1.8.0_181'
Driver info: driver.version: unknown</message>
                <stack-trace>org.openqa.selenium.NoSuchElementException: Can't locate an element by this strategy: Locator map: 
- native content: "By.id: com.sg.R27A.waf:id/date" 
- html content: "by id or name "InvDetl_INvoiceclick""
For documentation on this error, please visit: http://seleniumhq.org/exceptions/no_such_element.html
Build info: version: '2.50.1', revision: 'd7fc91b29de65b790abb01f3ac5f7ea2191c88a7', time: '2016-01-29 11:11:26'
System info: host: 'LT062360', ip: '10.87.75.204', os.name: 'Windows 10', os.arch: 'amd64', os.version: '10.0', java.version: '1.8.0_181'
Driver info: driver.version: unknown
	at io.appium.java_client.pagefactory.AppiumElementLocator.findElement(AppiumElementLocator.java:113)
	at io.appium.java_client.pagefactory.interceptors.InterceptorOfASingleElement.intercept(InterceptorOfASingleElement.java:57)
	at io.appium.java_client.android.AndroidElement$$EnhancerByCGLIB$$3807fca6.click(&lt;generated&gt;)
	at com.sg.Page.InvoiceListPage.PDFDownload(InvoiceListPage.java:213)
	at WAFMTest.InvoiceListTest.PDFDownload(InvoiceListTest.java:36)
	at sun.reflect.NativeMethodAccessorImpl.invoke0(Native Method)
	at sun.reflect.NativeMethodAccessorImpl.invoke(Unknown Source)
	at sun.reflect.DelegatingMethodAccessorImpl.invoke(Unknown Source)
	at java.lang.reflect.Method.invoke(Unknown Source)
	at org.testng.internal.MethodInvocationHelper.invokeMethod(MethodInvocationHelper.java:84)
	at org.testng.internal.Invoker.invokeMethod(Invoker.java:714)
	at org.testng.internal.Invoker.invokeTestMethod(Invoker.java:901)
	at org.testng.internal.Invoker.invokeTestMethods(Invoker.java:1231)
	at org.testng.internal.TestMethodWorker.invokeTestMethods(TestMethodWorker.java:127)
	at org.testng.internal.TestMethodWorker.run(TestMethodWorker.java:111)
	at org.testng.TestRunner.privateRun(TestRunner.java:767)
	at org.testng.TestRunner.run(TestRunner.java:617)
	at org.testng.SuiteRunner.runTest(SuiteRunner.java:348)
	at org.testng.SuiteRunner.runSequentially(SuiteRunner.java:343)
	at org.testng.SuiteRunner.privateRun(SuiteRunner.java:305)
	at org.testng.SuiteRunner.run(SuiteRunner.java:254)
	at org.testng.SuiteRunnerWorker.runSuite(SuiteRunnerWorker.java:52)
	at org.testng.SuiteRunnerWorker.run(SuiteRunnerWorker.java:86)
	at org.testng.TestNG.runSuitesSequentially(TestNG.java:1224)
	at org.testng.TestNG.runSuitesLocally(TestNG.java:1149)
	at org.testng.TestNG.run(TestNG.java:1057)
	at org.testng.remote.AbstractRemoteTestNG.run(AbstractRemoteTestNG.java:114)
	at org.testng.remote.RemoteTestNG.initAndRun(RemoteTestNG.java:251)
	at org.testng.remote.RemoteTestNG.main(RemoteTestNG.java:77)
</stack-trace>
            </failure>
            <steps/>
            <attachments/>
            <labels>
                <label name="testSuite" value="Suite"/>
                <label name="testGroup" value="InvoiceTest"/>
                <label name="testClass" value="WAFMTest.InvoiceListTest"/>
                <label name="testMethod" value="PDFDownload"/>
                <label name="host" value="LT062360"/>
                <label name="thread" value="1908@LT062360.main(1)"/>
            </labels>
        </test-case>
        <test-case start="1553669684315" stop="1553669692065" status="broken">
            <name>PDFDownload</name>
            <failure>
                <message>NoSuchElementException: Can't locate an element by this strategy: Locator map: 
- native content: "By.id: com.sg.R27A.waf:id/date" 
- html content: "by id or name "InvDetl_INvoiceclick""
For documentation on this error, please visit: http://seleniumhq.org/exceptions/no_such_element.html
Build info: version: '2.50.1', revision: 'd7fc91b29de65b790abb01f3ac5f7ea2191c88a7', time: '2016-01-29 11:11:26'
System info: host: 'LT062360', ip: '10.87.75.204', os.name: 'Windows 10', os.arch: 'amd64', os.version: '10.0', java.version: '1.8.0_181'
Driver info: driver.version: unknown</message>
                <stack-trace>org.openqa.selenium.NoSuchElementException: Can't locate an element by this strategy: Locator map: 
- native content: "By.id: com.sg.R27A.waf:id/date" 
- html content: "by id or name "InvDetl_INvoiceclick""
For documentation on this error, please visit: http://seleniumhq.org/exceptions/no_such_element.html
Build info: version: '2.50.1', revision: 'd7fc91b29de65b790abb01f3ac5f7ea2191c88a7', time: '2016-01-29 11:11:26'
System info: host: 'LT062360', ip: '10.87.75.204', os.name: 'Windows 10', os.arch: 'amd64', os.version: '10.0', java.version: '1.8.0_181'
Driver info: driver.version: unknown
	at io.appium.java_client.pagefactory.AppiumElementLocator.findElement(AppiumElementLocator.java:113)
	at io.appium.java_client.pagefactory.interceptors.InterceptorOfASingleElement.intercept(InterceptorOfASingleElement.java:57)
	at io.appium.java_client.android.AndroidElement$$EnhancerByCGLIB$$3807fca6.click(&lt;generated&gt;)
	at com.sg.Page.InvoiceListPage.PDFDownload(InvoiceListPage.java:213)
	at WAFMTest.InvoiceListTest.PDFDownload(InvoiceListTest.java:36)
	at sun.reflect.NativeMethodAccessorImpl.invoke0(Native Method)
	at sun.reflect.NativeMethodAccessorImpl.invoke(Unknown Source)
	at sun.reflect.DelegatingMethodAccessorImpl.invoke(Unknown Source)
	at java.lang.reflect.Method.invoke(Unknown Source)
	at org.testng.internal.MethodInvocationHelper.invokeMethod(MethodInvocationHelper.java:84)
	at org.testng.internal.Invoker.invokeMethod(Invoker.java:714)
	at org.testng.internal.Invoker.invokeTestMethod(Invoker.java:901)
	at org.testng.internal.Invoker.invokeTestMethods(Invoker.java:1231)
	at org.testng.internal.TestMethodWorker.invokeTestMethods(TestMethodWorker.java:127)
	at org.testng.internal.TestMethodWorker.run(TestMethodWorker.java:111)
	at org.testng.TestRunner.privateRun(TestRunner.java:767)
	at org.testng.TestRunner.run(TestRunner.java:617)
	at org.testng.SuiteRunner.runTest(SuiteRunner.java:348)
	at org.testng.SuiteRunner.runSequentially(SuiteRunner.java:343)
	at org.testng.SuiteRunner.privateRun(SuiteRunner.java:305)
	at org.testng.SuiteRunner.run(SuiteRunner.java:254)
	at org.testng.SuiteRunnerWorker.runSuite(SuiteRunnerWorker.java:52)
	at org.testng.SuiteRunnerWorker.run(SuiteRunnerWorker.java:86)
	at org.testng.TestNG.runSuitesSequentially(TestNG.java:1224)
	at org.testng.TestNG.runSuitesLocally(TestNG.java:1149)
	at org.testng.TestNG.run(TestNG.java:1057)
	at org.testng.remote.AbstractRemoteTestNG.run(AbstractRemoteTestNG.java:114)
	at org.testng.remote.RemoteTestNG.initAndRun(RemoteTestNG.java:251)
	at org.testng.remote.RemoteTestNG.main(RemoteTestNG.java:77)
</stack-trace>
            </failure>
            <steps/>
            <attachments/>
            <labels>
                <label name="testSuite" value="Suite"/>
                <label name="testGroup" value="InvoiceTest"/>
                <label name="testClass" value="WAFMTest.InvoiceListTest"/>
                <label name="testMethod" value="PDFDownload"/>
                <label name="host" value="LT062360"/>
                <label name="thread" value="1908@LT062360.main(1)"/>
            </labels>
        </test-case>
        <test-case start="1553669693997" stop="1553669706634" status="broken">
            <name>AddApprover</name>
            <failure>
                <message>IndexOutOfBoundsException: Index: 1, Size: 0</message>
                <stack-trace>java.lang.IndexOutOfBoundsException: Index: 1, Size: 0
	at java.util.ArrayList.rangeCheck(Unknown Source)
	at java.util.ArrayList.get(Unknown Source)
	at com.sg.Page.InvoiceListPage.AddApprover(InvoiceListPage.java:239)
	at WAFMTest.InvoiceListTest.AddApprover(InvoiceListTest.java:41)
	at sun.reflect.NativeMethodAccessorImpl.invoke0(Native Method)
	at sun.reflect.NativeMethodAccessorImpl.invoke(Unknown Source)
	at sun.reflect.DelegatingMethodAccessorImpl.invoke(Unknown Source)
	at java.lang.reflect.Method.invoke(Unknown Source)
	at org.testng.internal.MethodInvocationHelper.invokeMethod(MethodInvocationHelper.java:84)
	at org.testng.internal.Invoker.invokeMethod(Invoker.java:714)
	at org.testng.internal.Invoker.invokeTestMethod(Invoker.java:901)
	at org.testng.internal.Invoker.invokeTestMethods(Invoker.java:1231)
	at org.testng.internal.TestMethodWorker.invokeTestMethods(TestMethodWorker.java:127)
	at org.testng.internal.TestMethodWorker.run(TestMethodWorker.java:111)
	at org.testng.TestRunner.privateRun(TestRunner.java:767)
	at org.testng.TestRunner.run(TestRunner.java:617)
	at org.testng.SuiteRunner.runTest(SuiteRunner.java:348)
	at org.testng.SuiteRunner.runSequentially(SuiteRunner.java:343)
	at org.testng.SuiteRunner.privateRun(SuiteRunner.java:305)
	at org.testng.SuiteRunner.run(SuiteRunner.java:254)
	at org.testng.SuiteRunnerWorker.runSuite(SuiteRunnerWorker.java:52)
	at org.testng.SuiteRunnerWorker.run(SuiteRunnerWorker.java:86)
	at org.testng.TestNG.runSuitesSequentially(TestNG.java:1224)
	at org.testng.TestNG.runSuitesLocally(TestNG.java:1149)
	at org.testng.TestNG.run(TestNG.java:1057)
	at org.testng.remote.AbstractRemoteTestNG.run(AbstractRemoteTestNG.java:114)
	at org.testng.remote.RemoteTestNG.initAndRun(RemoteTestNG.java:251)
	at org.testng.remote.RemoteTestNG.main(RemoteTestNG.java:77)
</stack-trace>
            </failure>
            <steps/>
            <attachments/>
            <labels>
                <label name="testSuite" value="Suite"/>
                <label name="testGroup" value="InvoiceTest"/>
                <label name="testClass" value="WAFMTest.InvoiceListTest"/>
                <label name="testMethod" value="AddApprover"/>
                <label name="host" value="LT062360"/>
                <label name="thread" value="1908@LT062360.main(1)"/>
            </labels>
        </test-case>
        <test-case start="1553669693997" stop="1553669706634" status="broken">
            <name>AddApprover</name>
            <failure>
                <message>IndexOutOfBoundsException: Index: 1, Size: 0</message>
                <stack-trace>java.lang.IndexOutOfBoundsException: Index: 1, Size: 0
	at java.util.ArrayList.rangeCheck(Unknown Source)
	at java.util.ArrayList.get(Unknown Source)
	at com.sg.Page.InvoiceListPage.AddApprover(InvoiceListPage.java:239)
	at WAFMTest.InvoiceListTest.AddApprover(InvoiceListTest.java:41)
	at sun.reflect.NativeMethodAccessorImpl.invoke0(Native Method)
	at sun.reflect.NativeMethodAccessorImpl.invoke(Unknown Source)
	at sun.reflect.DelegatingMethodAccessorImpl.invoke(Unknown Source)
	at java.lang.reflect.Method.invoke(Unknown Source)
	at org.testng.internal.MethodInvocationHelper.invokeMethod(MethodInvocationHelper.java:84)
	at org.testng.internal.Invoker.invokeMethod(Invoker.java:714)
	at org.testng.internal.Invoker.invokeTestMethod(Invoker.java:901)
	at org.testng.internal.Invoker.invokeTestMethods(Invoker.java:1231)
	at org.testng.internal.TestMethodWorker.invokeTestMethods(TestMethodWorker.java:127)
	at org.testng.internal.TestMethodWorker.run(TestMethodWorker.java:111)
	at org.testng.TestRunner.privateRun(TestRunner.java:767)
	at org.testng.TestRunner.run(TestRunner.java:617)
	at org.testng.SuiteRunner.runTest(SuiteRunner.java:348)
	at org.testng.SuiteRunner.runSequentially(SuiteRunner.java:343)
	at org.testng.SuiteRunner.privateRun(SuiteRunner.java:305)
	at org.testng.SuiteRunner.run(SuiteRunner.java:254)
	at org.testng.SuiteRunnerWorker.runSuite(SuiteRunnerWorker.java:52)
	at org.testng.SuiteRunnerWorker.run(SuiteRunnerWorker.java:86)
	at org.testng.TestNG.runSuitesSequentially(TestNG.java:1224)
	at org.testng.TestNG.runSuitesLocally(TestNG.java:1149)
	at org.testng.TestNG.run(TestNG.java:1057)
	at org.testng.remote.AbstractRemoteTestNG.run(AbstractRemoteTestNG.java:114)
	at org.testng.remote.RemoteTestNG.initAndRun(RemoteTestNG.java:251)
	at org.testng.remote.RemoteTestNG.main(RemoteTestNG.java:77)
</stack-trace>
            </failure>
            <steps/>
            <attachments/>
            <labels>
                <label name="testSuite" value="Suite"/>
                <label name="testGroup" value="InvoiceTest"/>
                <label name="testClass" value="WAFMTest.InvoiceListTest"/>
                <label name="testMethod" value="AddApprover"/>
                <label name="host" value="LT062360"/>
                <label name="thread" value="1908@LT062360.main(1)"/>
            </labels>
        </test-case>
    </test-cases>
    <labels>
        <label name="framework" value="TestNG"/>
        <label name="language" value="JAVA"/>
    </labels>
</ns2:test-suite>
