<?xml version="1.0" encoding="UTF-8" standalone="yes"?>
<ns2:test-suite start="1547456473334" stop="1547456536541" version="1.5.4" xmlns:ns2="urn:model.allure.qatools.yandex.ru">
    <name>Suite : Test</name>
    <title>Suite : Test</title>
    <test-cases>
        <test-case start="1547456473371" stop="1547456479408" status="passed">
            <name>Launchtest</name>
            <steps/>
            <attachments/>
            <labels>
                <label name="testSuite" value="Suite"/>
                <label name="testGroup" value="Test"/>
                <label name="testClass" value="myIamTest.LoginTest"/>
                <label name="testMethod" value="Launchtest"/>
                <label name="host" value="Sushants-Jio.local"/>
                <label name="thread" value="41235@Sushants-Jio.local.main(1)"/>
            </labels>
        </test-case>
        <test-case start="1547456473371" stop="1547456479408" status="passed">
            <name>Launchtest</name>
            <steps/>
            <attachments/>
            <labels>
                <label name="testSuite" value="Suite"/>
                <label name="testGroup" value="Test"/>
                <label name="testClass" value="myIamTest.LoginTest"/>
                <label name="testMethod" value="Launchtest"/>
                <label name="host" value="Sushants-Jio.local"/>
                <label name="thread" value="41235@Sushants-Jio.local.main(1)"/>
            </labels>
        </test-case>
        <test-case start="1547456479418" stop="1547456485731" status="passed">
            <name>LoginValidation</name>
            <steps/>
            <attachments/>
            <labels>
                <label name="testSuite" value="Suite"/>
                <label name="testGroup" value="Test"/>
                <label name="testClass" value="myIamTest.LoginTest"/>
                <label name="testMethod" value="LoginValidation"/>
                <label name="host" value="Sushants-Jio.local"/>
                <label name="thread" value="41235@Sushants-Jio.local.main(1)"/>
            </labels>
        </test-case>
        <test-case start="1547456479418" stop="1547456485731" status="passed">
            <name>LoginValidation</name>
            <steps/>
            <attachments/>
            <labels>
                <label name="testSuite" value="Suite"/>
                <label name="testGroup" value="Test"/>
                <label name="testClass" value="myIamTest.LoginTest"/>
                <label name="testMethod" value="LoginValidation"/>
                <label name="host" value="Sushants-Jio.local"/>
                <label name="thread" value="41235@Sushants-Jio.local.main(1)"/>
            </labels>
        </test-case>
        <test-case start="1547456485744" stop="1547456494330" status="failed">
            <name>homePageContents</name>
            <failure>
                <message>AssertionError: The following asserts failed:
SgidField is Seen expected [true] but found [false]</message>
                <stack-trace>java.lang.AssertionError: The following asserts failed:
SgidField is Seen expected [true] but found [false]
	at org.testng.asserts.SoftAssert.assertAll(SoftAssert.java:38)
	at com.sg.Page.LoginPage.verifyHomePage(LoginPage.java:134)
	at myIamTest.LoginTest.homePageContents(LoginTest.java:41)
	at sun.reflect.NativeMethodAccessorImpl.invoke0(Native Method)
	at sun.reflect.NativeMethodAccessorImpl.invoke(NativeMethodAccessorImpl.java:62)
	at sun.reflect.DelegatingMethodAccessorImpl.invoke(DelegatingMethodAccessorImpl.java:43)
	at java.lang.reflect.Method.invoke(Method.java:498)
	at org.testng.internal.MethodInvocationHelper.invokeMethod(MethodInvocationHelper.java:84)
	at org.testng.internal.Invoker.invokeMethod(Invoker.java:714)
	at org.testng.internal.Invoker.invokeTestMethod(Invoker.java:901)
	at org.testng.internal.Invoker.invokeTestMethods(Invoker.java:1231)
	at org.testng.internal.TestMethodWorker.invokeTestMethods(TestMethodWorker.java:127)
	at org.testng.internal.TestMethodWorker.run(TestMethodWorker.java:111)
	at org.testng.TestRunner.privateRun(TestRunner.java:767)
	at org.testng.TestRunner.run(TestRunner.java:617)
	at org.testng.SuiteRunner.runTest(SuiteRunner.java:348)
	at org.testng.SuiteRunner.runSequentially(SuiteRunner.java:343)
	at org.testng.SuiteRunner.privateRun(SuiteRunner.java:305)
	at org.testng.SuiteRunner.run(SuiteRunner.java:254)
	at org.testng.SuiteRunnerWorker.runSuite(SuiteRunnerWorker.java:52)
	at org.testng.SuiteRunnerWorker.run(SuiteRunnerWorker.java:86)
	at org.testng.TestNG.runSuitesSequentially(TestNG.java:1224)
	at org.testng.TestNG.runSuitesLocally(TestNG.java:1149)
	at org.testng.TestNG.run(TestNG.java:1057)
	at org.testng.remote.AbstractRemoteTestNG.run(AbstractRemoteTestNG.java:114)
	at org.testng.remote.RemoteTestNG.initAndRun(RemoteTestNG.java:251)
	at org.testng.remote.RemoteTestNG.main(RemoteTestNG.java:77)
</stack-trace>
            </failure>
            <steps/>
            <attachments/>
            <labels>
                <label name="testSuite" value="Suite"/>
                <label name="testGroup" value="Test"/>
                <label name="testClass" value="myIamTest.LoginTest"/>
                <label name="testMethod" value="homePageContents"/>
                <label name="host" value="Sushants-Jio.local"/>
                <label name="thread" value="41235@Sushants-Jio.local.main(1)"/>
            </labels>
        </test-case>
        <test-case start="1547456485744" stop="1547456494330" status="failed">
            <name>homePageContents</name>
            <failure>
                <message>AssertionError: The following asserts failed:
SgidField is Seen expected [true] but found [false]</message>
                <stack-trace>java.lang.AssertionError: The following asserts failed:
SgidField is Seen expected [true] but found [false]
	at org.testng.asserts.SoftAssert.assertAll(SoftAssert.java:38)
	at com.sg.Page.LoginPage.verifyHomePage(LoginPage.java:134)
	at myIamTest.LoginTest.homePageContents(LoginTest.java:41)
	at sun.reflect.NativeMethodAccessorImpl.invoke0(Native Method)
	at sun.reflect.NativeMethodAccessorImpl.invoke(NativeMethodAccessorImpl.java:62)
	at sun.reflect.DelegatingMethodAccessorImpl.invoke(DelegatingMethodAccessorImpl.java:43)
	at java.lang.reflect.Method.invoke(Method.java:498)
	at org.testng.internal.MethodInvocationHelper.invokeMethod(MethodInvocationHelper.java:84)
	at org.testng.internal.Invoker.invokeMethod(Invoker.java:714)
	at org.testng.internal.Invoker.invokeTestMethod(Invoker.java:901)
	at org.testng.internal.Invoker.invokeTestMethods(Invoker.java:1231)
	at org.testng.internal.TestMethodWorker.invokeTestMethods(TestMethodWorker.java:127)
	at org.testng.internal.TestMethodWorker.run(TestMethodWorker.java:111)
	at org.testng.TestRunner.privateRun(TestRunner.java:767)
	at org.testng.TestRunner.run(TestRunner.java:617)
	at org.testng.SuiteRunner.runTest(SuiteRunner.java:348)
	at org.testng.SuiteRunner.runSequentially(SuiteRunner.java:343)
	at org.testng.SuiteRunner.privateRun(SuiteRunner.java:305)
	at org.testng.SuiteRunner.run(SuiteRunner.java:254)
	at org.testng.SuiteRunnerWorker.runSuite(SuiteRunnerWorker.java:52)
	at org.testng.SuiteRunnerWorker.run(SuiteRunnerWorker.java:86)
	at org.testng.TestNG.runSuitesSequentially(TestNG.java:1224)
	at org.testng.TestNG.runSuitesLocally(TestNG.java:1149)
	at org.testng.TestNG.run(TestNG.java:1057)
	at org.testng.remote.AbstractRemoteTestNG.run(AbstractRemoteTestNG.java:114)
	at org.testng.remote.RemoteTestNG.initAndRun(RemoteTestNG.java:251)
	at org.testng.remote.RemoteTestNG.main(RemoteTestNG.java:77)
</stack-trace>
            </failure>
            <steps/>
            <attachments/>
            <labels>
                <label name="testSuite" value="Suite"/>
                <label name="testGroup" value="Test"/>
                <label name="testClass" value="myIamTest.LoginTest"/>
                <label name="testMethod" value="homePageContents"/>
                <label name="host" value="Sushants-Jio.local"/>
                <label name="thread" value="41235@Sushants-Jio.local.main(1)"/>
            </labels>
        </test-case>
        <test-case start="1547456494760" stop="1547456497720" status="passed">
            <name>pointDeVente</name>
            <steps/>
            <attachments/>
            <labels>
                <label name="testSuite" value="Suite"/>
                <label name="testGroup" value="Test"/>
                <label name="testClass" value="myIamTest.LoginTest"/>
                <label name="testMethod" value="pointDeVente"/>
                <label name="host" value="Sushants-Jio.local"/>
                <label name="thread" value="41235@Sushants-Jio.local.main(1)"/>
            </labels>
        </test-case>
        <test-case start="1547456494760" stop="1547456497720" status="passed">
            <name>pointDeVente</name>
            <steps/>
            <attachments/>
            <labels>
                <label name="testSuite" value="Suite"/>
                <label name="testGroup" value="Test"/>
                <label name="testClass" value="myIamTest.LoginTest"/>
                <label name="testMethod" value="pointDeVente"/>
                <label name="host" value="Sushants-Jio.local"/>
                <label name="thread" value="41235@Sushants-Jio.local.main(1)"/>
            </labels>
        </test-case>
        <test-case start="1547456497724" stop="1547456499982" status="passed">
            <name>hamburgerMenu</name>
            <steps/>
            <attachments/>
            <labels>
                <label name="testSuite" value="Suite"/>
                <label name="testGroup" value="Test"/>
                <label name="testClass" value="myIamTest.LoginTest"/>
                <label name="testMethod" value="hamburgerMenu"/>
                <label name="host" value="Sushants-Jio.local"/>
                <label name="thread" value="41235@Sushants-Jio.local.main(1)"/>
            </labels>
        </test-case>
        <test-case start="1547456497724" stop="1547456499982" status="passed">
            <name>hamburgerMenu</name>
            <steps/>
            <attachments/>
            <labels>
                <label name="testSuite" value="Suite"/>
                <label name="testGroup" value="Test"/>
                <label name="testClass" value="myIamTest.LoginTest"/>
                <label name="testMethod" value="hamburgerMenu"/>
                <label name="host" value="Sushants-Jio.local"/>
                <label name="thread" value="41235@Sushants-Jio.local.main(1)"/>
            </labels>
        </test-case>
        <test-case start="1547456499990" stop="1547456502645" status="passed">
            <name>monProfil</name>
            <steps/>
            <attachments/>
            <labels>
                <label name="testSuite" value="Suite"/>
                <label name="testGroup" value="Test"/>
                <label name="testClass" value="myIamTest.LoginTest"/>
                <label name="testMethod" value="monProfil"/>
                <label name="host" value="Sushants-Jio.local"/>
                <label name="thread" value="41235@Sushants-Jio.local.main(1)"/>
            </labels>
        </test-case>
        <test-case start="1547456499990" stop="1547456502645" status="passed">
            <name>monProfil</name>
            <steps/>
            <attachments/>
            <labels>
                <label name="testSuite" value="Suite"/>
                <label name="testGroup" value="Test"/>
                <label name="testClass" value="myIamTest.LoginTest"/>
                <label name="testMethod" value="monProfil"/>
                <label name="host" value="Sushants-Jio.local"/>
                <label name="thread" value="41235@Sushants-Jio.local.main(1)"/>
            </labels>
        </test-case>
        <test-case start="1547456502649" stop="1547456515977" status="passed">
            <name>FavorisCollab</name>
            <steps/>
            <attachments/>
            <labels>
                <label name="testSuite" value="Suite"/>
                <label name="testGroup" value="Test"/>
                <label name="testClass" value="myIamTest.LoginTest"/>
                <label name="testMethod" value="FavorisCollab"/>
                <label name="host" value="Sushants-Jio.local"/>
                <label name="thread" value="41235@Sushants-Jio.local.main(1)"/>
            </labels>
        </test-case>
        <test-case start="1547456502649" stop="1547456515977" status="passed">
            <name>FavorisCollab</name>
            <steps/>
            <attachments/>
            <labels>
                <label name="testSuite" value="Suite"/>
                <label name="testGroup" value="Test"/>
                <label name="testClass" value="myIamTest.LoginTest"/>
                <label name="testMethod" value="FavorisCollab"/>
                <label name="host" value="Sushants-Jio.local"/>
                <label name="thread" value="41235@Sushants-Jio.local.main(1)"/>
            </labels>
        </test-case>
        <test-case start="1547456515985" stop="1547456532407" status="passed">
            <name>FavorisPointDeVentes</name>
            <steps/>
            <attachments/>
            <labels>
                <label name="testSuite" value="Suite"/>
                <label name="testGroup" value="Test"/>
                <label name="testClass" value="myIamTest.LoginTest"/>
                <label name="testMethod" value="FavorisPointDeVentes"/>
                <label name="host" value="Sushants-Jio.local"/>
                <label name="thread" value="41235@Sushants-Jio.local.main(1)"/>
            </labels>
        </test-case>
        <test-case start="1547456515985" stop="1547456532407" status="passed">
            <name>FavorisPointDeVentes</name>
            <steps/>
            <attachments/>
            <labels>
                <label name="testSuite" value="Suite"/>
                <label name="testGroup" value="Test"/>
                <label name="testClass" value="myIamTest.LoginTest"/>
                <label name="testMethod" value="FavorisPointDeVentes"/>
                <label name="host" value="Sushants-Jio.local"/>
                <label name="thread" value="41235@Sushants-Jio.local.main(1)"/>
            </labels>
        </test-case>
        <test-case start="1547456532413" stop="1547456536524" status="passed">
            <name>logout</name>
            <steps/>
            <attachments/>
            <labels>
                <label name="testSuite" value="Suite"/>
                <label name="testGroup" value="Test"/>
                <label name="testClass" value="myIamTest.LoginTest"/>
                <label name="testMethod" value="logout"/>
                <label name="host" value="Sushants-Jio.local"/>
                <label name="thread" value="41235@Sushants-Jio.local.main(1)"/>
            </labels>
        </test-case>
        <test-case start="1547456532413" stop="1547456536524" status="passed">
            <name>logout</name>
            <steps/>
            <attachments/>
            <labels>
                <label name="testSuite" value="Suite"/>
                <label name="testGroup" value="Test"/>
                <label name="testClass" value="myIamTest.LoginTest"/>
                <label name="testMethod" value="logout"/>
                <label name="host" value="Sushants-Jio.local"/>
                <label name="thread" value="41235@Sushants-Jio.local.main(1)"/>
            </labels>
        </test-case>
    </test-cases>
    <labels>
        <label name="framework" value="TestNG"/>
        <label name="language" value="JAVA"/>
    </labels>
</ns2:test-suite>
